# JRE version: Java(TM) SE Runtime Environment (8.0_20-b26) (build 1.8.0_20-b26)
# Java VM: Java HotSpot(TM) 64-Bit Server VM (25.20-b23 mixed mode windows-amd64 compressed oops)
Heap:
 PSYoungGen      total 151040K, used 106795K [0x00000000d5c00000, 0x00000000e1100000, 0x0000000100000000)
  eden space 129024K, 65% used [0x00000000d5c00000,0x00000000daee6770,0x00000000dda00000)
  from space 22016K, 99% used [0x00000000df380000,0x00000000e08e4798,0x00000000e0900000)
  to   space 26112K, 0% used [0x00000000dda00000,0x00000000dda00000,0x00000000df380000)
 ParOldGen       total 87552K, used 45941K [0x0000000081400000, 0x0000000086980000, 0x00000000d5c00000)
  object space 87552K, 52% used [0x0000000081400000,0x00000000840dd678,0x0000000086980000)
 Metaspace       used 16457K, capacity 16624K, committed 16896K, reserved 1067008K
  class space    used 1989K, capacity 2029K, committed 2048K, reserved 1048576K
GC Heap History (10 events):
Event: 4.916 GC heap before
{Heap before GC invocations=6 (full 2):
 PSYoungGen      total 38400K, used 37158K [0x00000000d5c00000, 0x00000000d8680000, 0x0000000100000000)
  eden space 33280K, 100% used [0x00000000d5c00000,0x00000000d7c80000,0x00000000d7c80000)
  from space 5120K, 75% used [0x00000000d7c80000,0x00000000d80499c8,0x00000000d8180000)
  to   space 5120K, 0% used [0x00000000d8180000,0x00000000d8180000,0x00000000d8680000)
 ParOldGen       total 87552K, used 6960K [0x0000000081400000, 0x0000000086980000, 0x00000000d5c00000)
  object space 87552K, 7% used [0x0000000081400000,0x0000000081acc2e0,0x0000000086980000)
 Metaspace       used 15560K, capacity 15752K, committed 15872K, reserved 1062912K
  class space    used 1941K, capacity 1997K, committed 2048K, reserved 1048576K
Event: 4.941 GC heap after
Heap after GC invocations=6 (full 2):
 PSYoungGen      total 38400K, used 5118K [0x00000000d5c00000, 0x00000000da700000, 0x0000000100000000)
  eden space 33280K, 0% used [0x00000000d5c00000,0x00000000d5c00000,0x00000000d7c80000)
  from space 5120K, 99% used [0x00000000d8180000,0x00000000d867f8f8,0x00000000d8680000)
  to   space 5120K, 0% used [0x00000000d7c80000,0x00000000d7c80000,0x00000000d8180000)
 ParOldGen       total 87552K, used 14883K [0x0000000081400000, 0x0000000086980000, 0x00000000d5c00000)
  object space 87552K, 16% used [0x0000000081400000,0x0000000082288ee8,0x0000000086980000)
 Metaspace       used 15560K, capacity 15752K, committed 15872K, reserved 1062912K
  class space    used 1941K, capacity 1997K, committed 2048K, reserved 1048576K
}
Event: 5.177 GC heap before
{Heap before GC invocations=7 (full 2):
 PSYoungGen      total 38400K, used 38398K [0x00000000d5c00000, 0x00000000da700000, 0x0000000100000000)
  eden space 33280K, 100% used [0x00000000d5c00000,0x00000000d7c80000,0x00000000d7c80000)
  from space 5120K, 99% used [0x00000000d8180000,0x00000000d867f8f8,0x00000000d8680000)
  to   space 5120K, 0% used [0x00000000d7c80000,0x00000000d7c80000,0x00000000d8180000)
 ParOldGen       total 87552K, used 14883K [0x0000000081400000, 0x0000000086980000, 0x00000000d5c00000)
  object space 87552K, 16% used [0x0000000081400000,0x0000000082288ee8,0x0000000086980000)
 Metaspace       used 15618K, capacity 15816K, committed 16128K, reserved 1062912K
  class space    used 1941K, capacity 1997K, committed 2048K, reserved 1048576K
Event: 5.194 GC heap after
Heap after GC invocations=7 (full 2):
 PSYoungGen      total 38400K, used 5104K [0x00000000d5c00000, 0x00000000da700000, 0x0000000100000000)
  eden space 33280K, 0% used [0x00000000d5c00000,0x00000000d5c00000,0x00000000d7c80000)
  from space 5120K, 99% used [0x00000000d7c80000,0x00000000d817c388,0x00000000d8180000)
  to   space 5120K, 0% used [0x00000000da200000,0x00000000da200000,0x00000000da700000)
 ParOldGen       total 87552K, used 19539K [0x0000000081400000, 0x0000000086980000, 0x00000000d5c00000)
  object space 87552K, 22% used [0x0000000081400000,0x0000000082714ff8,0x0000000086980000)
 Metaspace       used 15618K, capacity 15816K, committed 16128K, reserved 1062912K
  class space    used 1941K, capacity 1997K, committed 2048K, reserved 1048576K
}
Event: 5.391 GC heap before
{Heap before GC invocations=8 (full 2):
 PSYoungGen      total 38400K, used 38151K [0x00000000d5c00000, 0x00000000da700000, 0x0000000100000000)
  eden space 33280K, 99% used [0x00000000d5c00000,0x00000000d7c45930,0x00000000d7c80000)
  from space 5120K, 99% used [0x00000000d7c80000,0x00000000d817c388,0x00000000d8180000)
  to   space 5120K, 0% used [0x00000000da200000,0x00000000da200000,0x00000000da700000)
 ParOldGen       total 87552K, used 19539K [0x0000000081400000, 0x0000000086980000, 0x00000000d5c00000)
  object space 87552K, 22% used [0x0000000081400000,0x0000000082714ff8,0x0000000086980000)
 Metaspace       used 15678K, capacity 15880K, committed 16128K, reserved 1062912K
  class space    used 1941K, capacity 1997K, committed 2048K, reserved 1048576K
Event: 5.422 GC heap after
Heap after GC invocations=8 (full 2):
 PSYoungGen      total 71680K, used 5118K [0x00000000d5c00000, 0x00000000da700000, 0x0000000100000000)
  eden space 66560K, 0% used [0x00000000d5c00000,0x00000000d5c00000,0x00000000d9d00000)
  from space 5120K, 99% used [0x00000000da200000,0x00000000da6ff908,0x00000000da700000)
  to   space 5120K, 0% used [0x00000000d9d00000,0x00000000d9d00000,0x00000000da200000)
 ParOldGen       total 87552K, used 28372K [0x0000000081400000, 0x0000000086980000, 0x00000000d5c00000)
  object space 87552K, 32% used [0x0000000081400000,0x0000000082fb5218,0x0000000086980000)
 Metaspace       used 15678K, capacity 15880K, committed 16128K, reserved 1062912K
  class space    used 1941K, capacity 1997K, committed 2048K, reserved 1048576K
}
Event: 6.614 GC heap before
{Heap before GC invocations=9 (full 2):
 PSYoungGen      total 71680K, used 71481K [0x00000000d5c00000, 0x00000000da700000, 0x0000000100000000)
  eden space 66560K, 99% used [0x00000000d5c00000,0x00000000d9ccee10,0x00000000d9d00000)
  from space 5120K, 99% used [0x00000000da200000,0x00000000da6ff908,0x00000000da700000)
  to   space 5120K, 0% used [0x00000000d9d00000,0x00000000d9d00000,0x00000000da200000)
 ParOldGen       total 87552K, used 28372K [0x0000000081400000, 0x0000000086980000, 0x00000000d5c00000)
  object space 87552K, 32% used [0x0000000081400000,0x0000000082fb5218,0x0000000086980000)
 Metaspace       used 15762K, capacity 15944K, committed 16128K, reserved 1062912K
  class space    used 1943K, capacity 1997K, committed 2048K, reserved 1048576K
Event: 6.663 GC heap after
Heap after GC invocations=9 (full 2):
 PSYoungGen      total 71680K, used 5118K [0x00000000d5c00000, 0x00000000e0900000, 0x0000000100000000)
  eden space 66560K, 0% used [0x00000000d5c00000,0x00000000d5c00000,0x00000000d9d00000)
  from space 5120K, 99% used [0x00000000d9d00000,0x00000000da1ff908,0x00000000da200000)
  to   space 22016K, 0% used [0x00000000df380000,0x00000000df380000,0x00000000e0900000)
 ParOldGen       total 87552K, used 44909K [0x0000000081400000, 0x0000000086980000, 0x00000000d5c00000)
  object space 87552K, 51% used [0x0000000081400000,0x0000000083fdb638,0x0000000086980000)
 Metaspace       used 15762K, capacity 15944K, committed 16128K, reserved 1062912K
  class space    used 1943K, capacity 1997K, committed 2048K, reserved 1048576K
}
Event: 13.946 GC heap before
{Heap before GC invocations=10 (full 2):
 PSYoungGen      total 71680K, used 71494K [0x00000000d5c00000, 0x00000000e0900000, 0x0000000100000000)
  eden space 66560K, 99% used [0x00000000d5c00000,0x00000000d9cd1fa8,0x00000000d9d00000)
  from space 5120K, 99% used [0x00000000d9d00000,0x00000000da1ff908,0x00000000da200000)
  to   space 22016K, 0% used [0x00000000df380000,0x00000000df380000,0x00000000e0900000)
 ParOldGen       total 87552K, used 44909K [0x0000000081400000, 0x0000000086980000, 0x00000000d5c00000)
  object space 87552K, 51% used [0x0000000081400000,0x0000000083fdb638,0x0000000086980000)
 Metaspace       used 15826K, capacity 16008K, committed 16128K, reserved 1062912K
  class space    used 1943K, capacity 1997K, committed 2048K, reserved 1048576K
Event: 13.962 GC heap after
Heap after GC invocations=10 (full 2):
 PSYoungGen      total 151040K, used 21905K [0x00000000d5c00000, 0x00000000e1100000, 0x0000000100000000)
  eden space 129024K, 0% used [0x00000000d5c00000,0x00000000d5c00000,0x00000000dda00000)
  from space 22016K, 99% used [0x00000000df380000,0x00000000e08e4798,0x00000000e0900000)
  to   space 26112K, 0% used [0x00000000dda00000,0x00000000dda00000,0x00000000df380000)
 ParOldGen       total 87552K, used 45941K [0x0000000081400000, 0x0000000086980000, 0x00000000d5c00000)
  object space 87552K, 52% used [0x0000000081400000,0x00000000840dd678,0x0000000086980000)
 Metaspace       used 15826K, capacity 16008K, committed 16128K, reserved 1062912K
  class space    used 1943K, capacity 1997K, committed 2048K, reserved 1048576K
}

